C:\USERS\LUCY\DOCUMENTS\SCHOOL\2014SPRING\SENIOR DESIGN\SNOWSIM\RELEASE\OBJLOADER.OBJ
C:\USERS\LUCY\DOCUMENTS\SCHOOL\2014SPRING\SENIOR DESIGN\SNOWSIM\RELEASE\OBJ.OBJ
C:\USERS\LUCY\DOCUMENTS\SCHOOL\2014SPRING\SENIOR DESIGN\SNOWSIM\RELEASE\MAKELEVELSET3.OBJ
C:\USERS\LUCY\DOCUMENTS\SCHOOL\2014SPRING\SENIOR DESIGN\SNOWSIM\RELEASE\LEVELSET_UTIL.OBJ
C:\USERS\LUCY\DOCUMENTS\SCHOOL\2014SPRING\SENIOR DESIGN\SNOWSIM\RELEASE\GLUVI.OBJ
C:\USERS\LUCY\DOCUMENTS\SCHOOL\2014SPRING\SENIOR DESIGN\SNOWSIM\RELEASE\FLUIDSIM.OBJ
C:\USERS\LUCY\DOCUMENTS\SCHOOL\2014SPRING\SENIOR DESIGN\SNOWSIM\RELEASE\MAIN.OBJ
C:\USERS\LUCY\DOCUMENTS\SCHOOL\2014SPRING\SENIOR DESIGN\SNOWSIM\RELEASE\VC110.PDB
C:\USERS\LUCY\DOCUMENTS\SCHOOL\2014SPRING\SENIOR DESIGN\SNOWSIM\RELEASE\STB_IMAGE_WRITE.OBJ
C:\USERS\LUCY\DOCUMENTS\SCHOOL\2014SPRING\SENIOR DESIGN\SNOWSIM\RELEASE\STB_IMAGE.OBJ
C:\Users\lucy\Documents\School\2014spring\Senior Design\snowsim\Release\fluidsim.obj
C:\Users\lucy\Documents\School\2014spring\Senior Design\snowsim\Release\gluvi.obj
C:\Users\lucy\Documents\School\2014spring\Senior Design\snowsim\Release\levelset_util.obj
C:\Users\lucy\Documents\School\2014spring\Senior Design\snowsim\Release\main.obj
C:\Users\lucy\Documents\School\2014spring\Senior Design\snowsim\Release\makelevelset3.obj
C:\Users\lucy\Documents\School\2014spring\Senior Design\snowsim\Release\obj.obj
C:\Users\lucy\Documents\School\2014spring\Senior Design\snowsim\Release\objloader.obj
C:\Users\lucy\Documents\School\2014spring\Senior Design\snowsim\Release\stb_image.obj
C:\Users\lucy\Documents\School\2014spring\Senior Design\snowsim\Release\stb_image_write.obj
C:\Users\lucy\Documents\School\2014spring\Senior Design\snowsim\Release\cl.command.1.tlog
C:\Users\lucy\Documents\School\2014spring\Senior Design\snowsim\Release\CL.read.1.tlog
C:\Users\lucy\Documents\School\2014spring\Senior Design\snowsim\Release\CL.write.1.tlog
C:\Users\lucy\Documents\School\2014spring\Senior Design\snowsim\Release\link.command.1.tlog
C:\Users\lucy\Documents\School\2014spring\Senior Design\snowsim\Release\link.read.1.tlog
C:\Users\lucy\Documents\School\2014spring\Senior Design\snowsim\Release\link.write.1.tlog
C:\Users\lucy\Documents\School\2014spring\Senior Design\snowsim\Release\vc110.pdb
